<?xml version="1.0" encoding="utf-8"?><testsuites name="pytest tests"><testsuite name="pytest" errors="8" failures="2" skipped="0" tests="55" time="3.795" timestamp="2026-03-25T00:21:42.203737+01:00" hostname="Hollywood"><testcase classname="tests.test_config.TestConfigValidation" name="test_validate_secret_key_rejects_empty" time="0.001" /><testcase classname="tests.test_config.TestConfigValidation" name="test_validate_secret_key_accepts_long_in_production" time="0.000" /><testcase classname="tests.test_config.TestConfigValidation" name="test_validate_secret_key_accepts_short_in_test" time="0.000" /><testcase classname="tests.test_config.TestConfigValidation" name="test_validate_service_url_rejects_invalid_scheme" time="0.001" /><testcase classname="tests.test_config.TestConfigValidation" name="test_validate_service_url_rejects_missing_required" time="0.000" /><testcase classname="tests.test_i18n" name="test_load_translations_falls_back_to_default_language" time="0.030" /><testcase classname="tests.test_i18n" name="test_load_translations_returns_empty_dict_for_invalid_json" time="0.025" /><testcase classname="tests.test_i18n" name="test_resolve_language_prefers_query_parameter_and_persists_session" time="0.023" /><testcase classname="tests.test_i18n" name="test_resolve_language_uses_session_before_accept_language" time="0.023" /><testcase classname="tests.test_i18n" name="test_resolve_language_uses_accept_language_when_session_is_missing" time="0.022" /><testcase classname="tests.test_i18n" name="test_resolve_language_falls_back_to_default_for_unknown_input" time="0.024" /><testcase classname="tests.test_i18n" name="test_inject_config_exposes_translations_and_frontend_settings" time="0.045" /><testcase classname="tests.test_proxy" name="test_proxy_preflight_returns_204" time="0.026" /><testcase classname="tests.test_proxy" name="test_proxy_returns_500_when_backend_url_is_missing" time="0.023" /><testcase classname="tests.test_proxy" name="test_proxy_forwards_query_headers_and_body" time="0.023" /><testcase classname="tests.test_proxy" name="test_proxy_surfaces_http_errors" time="0.023" /><testcase classname="tests.test_proxy" name="test_proxy_turns_network_errors_into_502" time="0.024" /><testcase classname="tests.test_proxy_security.TestProxySecurity" name="test_proxy_allows_api_requests" time="0.023"><error message="failed on setup with &quot;file /mnt/c/Users/YvesT/PycharmProjects/WorldOfShadows/administration-tool/tests/test_proxy_security.py, line 55&#10;      @pytest.mark.security&#10;      def test_proxy_allows_api_requests(self, client, auth_headers):&#10;E       fixture 'auth_headers' not found&#10;&gt;       available fixtures: anyio_backend, anyio_backend_name, anyio_backend_options, app, cache, capfd, capfdbinary, caplog, capsys, capsysbinary, capteesys, client, cov, doctest_namespace, free_tcp_port, free_tcp_port_factory, free_udp_port, free_udp_port_factory, frontend_module, mock_proxy_module, mock_request, mock_urlopen, monkeypatch, no_cover, pytestconfig, record_property, record_testsuite_property, record_xml_attribute, recwarn, tmp_path, tmp_path_factory, tmpdir, tmpdir_factory&#10;&gt;       use 'pytest --fixtures [testpath]' for help on them.&#10;&#10;/mnt/c/Users/YvesT/PycharmProjects/WorldOfShadows/administration-tool/tests/test_proxy_security.py:55&quot;">file /mnt/c/Users/YvesT/PycharmProjects/WorldOfShadows/administration-tool/tests/test_proxy_security.py, line 55
      @pytest.mark.security
      def test_proxy_allows_api_requests(self, client, auth_headers):
E       fixture 'auth_headers' not found
&gt;       available fixtures: anyio_backend, anyio_backend_name, anyio_backend_options, app, cache, capfd, capfdbinary, caplog, capsys, capsysbinary, capteesys, client, cov, doctest_namespace, free_tcp_port, free_tcp_port_factory, free_udp_port, free_udp_port_factory, frontend_module, mock_proxy_module, mock_request, mock_urlopen, monkeypatch, no_cover, pytestconfig, record_property, record_testsuite_property, record_xml_attribute, recwarn, tmp_path, tmp_path_factory, tmpdir, tmpdir_factory
&gt;       use 'pytest --fixtures [testpath]' for help on them.

/mnt/c/Users/YvesT/PycharmProjects/WorldOfShadows/administration-tool/tests/test_proxy_security.py:55</error></testcase><testcase classname="tests.test_proxy_security.TestProxySecurity" name="test_proxy_blocks_admin_paths" time="0.023"><error message="failed on setup with &quot;file /mnt/c/Users/YvesT/PycharmProjects/WorldOfShadows/administration-tool/tests/test_proxy_security.py, line 65&#10;      @pytest.mark.security&#10;      def test_proxy_blocks_admin_paths(self, client, auth_headers):&#10;E       fixture 'auth_headers' not found&#10;&gt;       available fixtures: anyio_backend, anyio_backend_name, anyio_backend_options, app, cache, capfd, capfdbinary, caplog, capsys, capsysbinary, capteesys, client, cov, doctest_namespace, free_tcp_port, free_tcp_port_factory, free_udp_port, free_udp_port_factory, frontend_module, mock_proxy_module, mock_request, mock_urlopen, monkeypatch, no_cover, pytestconfig, record_property, record_testsuite_property, record_xml_attribute, recwarn, tmp_path, tmp_path_factory, tmpdir, tmpdir_factory&#10;&gt;       use 'pytest --fixtures [testpath]' for help on them.&#10;&#10;/mnt/c/Users/YvesT/PycharmProjects/WorldOfShadows/administration-tool/tests/test_proxy_security.py:65&quot;">file /mnt/c/Users/YvesT/PycharmProjects/WorldOfShadows/administration-tool/tests/test_proxy_security.py, line 65
      @pytest.mark.security
      def test_proxy_blocks_admin_paths(self, client, auth_headers):
E       fixture 'auth_headers' not found
&gt;       available fixtures: anyio_backend, anyio_backend_name, anyio_backend_options, app, cache, capfd, capfdbinary, caplog, capsys, capsysbinary, capteesys, client, cov, doctest_namespace, free_tcp_port, free_tcp_port_factory, free_udp_port, free_udp_port_factory, frontend_module, mock_proxy_module, mock_request, mock_urlopen, monkeypatch, no_cover, pytestconfig, record_property, record_testsuite_property, record_xml_attribute, recwarn, tmp_path, tmp_path_factory, tmpdir, tmpdir_factory
&gt;       use 'pytest --fixtures [testpath]' for help on them.

/mnt/c/Users/YvesT/PycharmProjects/WorldOfShadows/administration-tool/tests/test_proxy_security.py:65</error></testcase><testcase classname="tests.test_proxy_security.TestProxySecurity" name="test_proxy_forwards_authorization_header" time="0.022"><error message="failed on setup with &quot;file /mnt/c/Users/YvesT/PycharmProjects/WorldOfShadows/administration-tool/tests/test_proxy_security.py, line 79&#10;      @pytest.mark.security&#10;      def test_proxy_forwards_authorization_header(self, client, auth_headers):&#10;E       fixture 'auth_headers' not found&#10;&gt;       available fixtures: anyio_backend, anyio_backend_name, anyio_backend_options, app, cache, capfd, capfdbinary, caplog, capsys, capsysbinary, capteesys, client, cov, doctest_namespace, free_tcp_port, free_tcp_port_factory, free_udp_port, free_udp_port_factory, frontend_module, mock_proxy_module, mock_request, mock_urlopen, monkeypatch, no_cover, pytestconfig, record_property, record_testsuite_property, record_xml_attribute, recwarn, tmp_path, tmp_path_factory, tmpdir, tmpdir_factory&#10;&gt;       use 'pytest --fixtures [testpath]' for help on them.&#10;&#10;/mnt/c/Users/YvesT/PycharmProjects/WorldOfShadows/administration-tool/tests/test_proxy_security.py:79&quot;">file /mnt/c/Users/YvesT/PycharmProjects/WorldOfShadows/administration-tool/tests/test_proxy_security.py, line 79
      @pytest.mark.security
      def test_proxy_forwards_authorization_header(self, client, auth_headers):
E       fixture 'auth_headers' not found
&gt;       available fixtures: anyio_backend, anyio_backend_name, anyio_backend_options, app, cache, capfd, capfdbinary, caplog, capsys, capsysbinary, capteesys, client, cov, doctest_namespace, free_tcp_port, free_tcp_port_factory, free_udp_port, free_udp_port_factory, frontend_module, mock_proxy_module, mock_request, mock_urlopen, monkeypatch, no_cover, pytestconfig, record_property, record_testsuite_property, record_xml_attribute, recwarn, tmp_path, tmp_path_factory, tmpdir, tmpdir_factory
&gt;       use 'pytest --fixtures [testpath]' for help on them.

/mnt/c/Users/YvesT/PycharmProjects/WorldOfShadows/administration-tool/tests/test_proxy_security.py:79</error></testcase><testcase classname="tests.test_proxy_security.TestProxySecurity" name="test_proxy_strips_dangerous_headers" time="0.023"><error message="failed on setup with &quot;file /mnt/c/Users/YvesT/PycharmProjects/WorldOfShadows/administration-tool/tests/test_proxy_security.py, line 92&#10;      @pytest.mark.security&#10;      def test_proxy_strips_dangerous_headers(self, client, auth_headers):&#10;E       fixture 'auth_headers' not found&#10;&gt;       available fixtures: anyio_backend, anyio_backend_name, anyio_backend_options, app, cache, capfd, capfdbinary, caplog, capsys, capsysbinary, capteesys, client, cov, doctest_namespace, free_tcp_port, free_tcp_port_factory, free_udp_port, free_udp_port_factory, frontend_module, mock_proxy_module, mock_request, mock_urlopen, monkeypatch, no_cover, pytestconfig, record_property, record_testsuite_property, record_xml_attribute, recwarn, tmp_path, tmp_path_factory, tmpdir, tmpdir_factory&#10;&gt;       use 'pytest --fixtures [testpath]' for help on them.&#10;&#10;/mnt/c/Users/YvesT/PycharmProjects/WorldOfShadows/administration-tool/tests/test_proxy_security.py:92&quot;">file /mnt/c/Users/YvesT/PycharmProjects/WorldOfShadows/administration-tool/tests/test_proxy_security.py, line 92
      @pytest.mark.security
      def test_proxy_strips_dangerous_headers(self, client, auth_headers):
E       fixture 'auth_headers' not found
&gt;       available fixtures: anyio_backend, anyio_backend_name, anyio_backend_options, app, cache, capfd, capfdbinary, caplog, capsys, capsysbinary, capteesys, client, cov, doctest_namespace, free_tcp_port, free_tcp_port_factory, free_udp_port, free_udp_port_factory, frontend_module, mock_proxy_module, mock_request, mock_urlopen, monkeypatch, no_cover, pytestconfig, record_property, record_testsuite_property, record_xml_attribute, recwarn, tmp_path, tmp_path_factory, tmpdir, tmpdir_factory
&gt;       use 'pytest --fixtures [testpath]' for help on them.

/mnt/c/Users/YvesT/PycharmProjects/WorldOfShadows/administration-tool/tests/test_proxy_security.py:92</error></testcase><testcase classname="tests.test_proxy_security.TestProxySecurity" name="test_proxy_preserves_query_strings" time="0.023"><error message="failed on setup with &quot;file /mnt/c/Users/YvesT/PycharmProjects/WorldOfShadows/administration-tool/tests/test_proxy_security.py, line 109&#10;      @pytest.mark.security&#10;      def test_proxy_preserves_query_strings(self, client, auth_headers):&#10;E       fixture 'auth_headers' not found&#10;&gt;       available fixtures: anyio_backend, anyio_backend_name, anyio_backend_options, app, cache, capfd, capfdbinary, caplog, capsys, capsysbinary, capteesys, client, cov, doctest_namespace, free_tcp_port, free_tcp_port_factory, free_udp_port, free_udp_port_factory, frontend_module, mock_proxy_module, mock_request, mock_urlopen, monkeypatch, no_cover, pytestconfig, record_property, record_testsuite_property, record_xml_attribute, recwarn, tmp_path, tmp_path_factory, tmpdir, tmpdir_factory&#10;&gt;       use 'pytest --fixtures [testpath]' for help on them.&#10;&#10;/mnt/c/Users/YvesT/PycharmProjects/WorldOfShadows/administration-tool/tests/test_proxy_security.py:109&quot;">file /mnt/c/Users/YvesT/PycharmProjects/WorldOfShadows/administration-tool/tests/test_proxy_security.py, line 109
      @pytest.mark.security
      def test_proxy_preserves_query_strings(self, client, auth_headers):
E       fixture 'auth_headers' not found
&gt;       available fixtures: anyio_backend, anyio_backend_name, anyio_backend_options, app, cache, capfd, capfdbinary, caplog, capsys, capsysbinary, capteesys, client, cov, doctest_namespace, free_tcp_port, free_tcp_port_factory, free_udp_port, free_udp_port_factory, frontend_module, mock_proxy_module, mock_request, mock_urlopen, monkeypatch, no_cover, pytestconfig, record_property, record_testsuite_property, record_xml_attribute, recwarn, tmp_path, tmp_path_factory, tmpdir, tmpdir_factory
&gt;       use 'pytest --fixtures [testpath]' for help on them.

/mnt/c/Users/YvesT/PycharmProjects/WorldOfShadows/administration-tool/tests/test_proxy_security.py:109</error></testcase><testcase classname="tests.test_proxy_security.TestProxySecurity" name="test_proxy_forwards_post_body" time="0.025"><error message="failed on setup with &quot;file /mnt/c/Users/YvesT/PycharmProjects/WorldOfShadows/administration-tool/tests/test_proxy_security.py, line 123&#10;      @pytest.mark.security&#10;      def test_proxy_forwards_post_body(self, client, auth_headers):&#10;E       fixture 'auth_headers' not found&#10;&gt;       available fixtures: anyio_backend, anyio_backend_name, anyio_backend_options, app, cache, capfd, capfdbinary, caplog, capsys, capsysbinary, capteesys, client, cov, doctest_namespace, free_tcp_port, free_tcp_port_factory, free_udp_port, free_udp_port_factory, frontend_module, mock_proxy_module, mock_request, mock_urlopen, monkeypatch, no_cover, pytestconfig, record_property, record_testsuite_property, record_xml_attribute, recwarn, tmp_path, tmp_path_factory, tmpdir, tmpdir_factory&#10;&gt;       use 'pytest --fixtures [testpath]' for help on them.&#10;&#10;/mnt/c/Users/YvesT/PycharmProjects/WorldOfShadows/administration-tool/tests/test_proxy_security.py:123&quot;">file /mnt/c/Users/YvesT/PycharmProjects/WorldOfShadows/administration-tool/tests/test_proxy_security.py, line 123
      @pytest.mark.security
      def test_proxy_forwards_post_body(self, client, auth_headers):
E       fixture 'auth_headers' not found
&gt;       available fixtures: anyio_backend, anyio_backend_name, anyio_backend_options, app, cache, capfd, capfdbinary, caplog, capsys, capsysbinary, capteesys, client, cov, doctest_namespace, free_tcp_port, free_tcp_port_factory, free_udp_port, free_udp_port_factory, frontend_module, mock_proxy_module, mock_request, mock_urlopen, monkeypatch, no_cover, pytestconfig, record_property, record_testsuite_property, record_xml_attribute, recwarn, tmp_path, tmp_path_factory, tmpdir, tmpdir_factory
&gt;       use 'pytest --fixtures [testpath]' for help on them.

/mnt/c/Users/YvesT/PycharmProjects/WorldOfShadows/administration-tool/tests/test_proxy_security.py:123</error></testcase><testcase classname="tests.test_proxy_security.TestProxySecurity" name="test_proxy_handles_upstream_errors" time="0.023"><error message="failed on setup with &quot;file /mnt/c/Users/YvesT/PycharmProjects/WorldOfShadows/administration-tool/tests/test_proxy_security.py, line 138&#10;      @pytest.mark.security&#10;      def test_proxy_handles_upstream_errors(self, client, auth_headers):&#10;E       fixture 'auth_headers' not found&#10;&gt;       available fixtures: anyio_backend, anyio_backend_name, anyio_backend_options, app, cache, capfd, capfdbinary, caplog, capsys, capsysbinary, capteesys, client, cov, doctest_namespace, free_tcp_port, free_tcp_port_factory, free_udp_port, free_udp_port_factory, frontend_module, mock_proxy_module, mock_request, mock_urlopen, monkeypatch, no_cover, pytestconfig, record_property, record_testsuite_property, record_xml_attribute, recwarn, tmp_path, tmp_path_factory, tmpdir, tmpdir_factory&#10;&gt;       use 'pytest --fixtures [testpath]' for help on them.&#10;&#10;/mnt/c/Users/YvesT/PycharmProjects/WorldOfShadows/administration-tool/tests/test_proxy_security.py:138&quot;">file /mnt/c/Users/YvesT/PycharmProjects/WorldOfShadows/administration-tool/tests/test_proxy_security.py, line 138
      @pytest.mark.security
      def test_proxy_handles_upstream_errors(self, client, auth_headers):
E       fixture 'auth_headers' not found
&gt;       available fixtures: anyio_backend, anyio_backend_name, anyio_backend_options, app, cache, capfd, capfdbinary, caplog, capsys, capsysbinary, capteesys, client, cov, doctest_namespace, free_tcp_port, free_tcp_port_factory, free_udp_port, free_udp_port_factory, frontend_module, mock_proxy_module, mock_request, mock_urlopen, monkeypatch, no_cover, pytestconfig, record_property, record_testsuite_property, record_xml_attribute, recwarn, tmp_path, tmp_path_factory, tmpdir, tmpdir_factory
&gt;       use 'pytest --fixtures [testpath]' for help on them.

/mnt/c/Users/YvesT/PycharmProjects/WorldOfShadows/administration-tool/tests/test_proxy_security.py:138</error></testcase><testcase classname="tests.test_proxy_security.TestProxySecurity" name="test_proxy_rejects_malformed_requests" time="0.022"><error message="failed on setup with &quot;file /mnt/c/Users/YvesT/PycharmProjects/WorldOfShadows/administration-tool/tests/test_proxy_security.py, line 149&#10;      @pytest.mark.security&#10;      def test_proxy_rejects_malformed_requests(self, client, auth_headers):&#10;E       fixture 'auth_headers' not found&#10;&gt;       available fixtures: anyio_backend, anyio_backend_name, anyio_backend_options, app, cache, capfd, capfdbinary, caplog, capsys, capsysbinary, capteesys, client, cov, doctest_namespace, free_tcp_port, free_tcp_port_factory, free_udp_port, free_udp_port_factory, frontend_module, mock_proxy_module, mock_request, mock_urlopen, monkeypatch, no_cover, pytestconfig, record_property, record_testsuite_property, record_xml_attribute, recwarn, tmp_path, tmp_path_factory, tmpdir, tmpdir_factory&#10;&gt;       use 'pytest --fixtures [testpath]' for help on them.&#10;&#10;/mnt/c/Users/YvesT/PycharmProjects/WorldOfShadows/administration-tool/tests/test_proxy_security.py:149&quot;">file /mnt/c/Users/YvesT/PycharmProjects/WorldOfShadows/administration-tool/tests/test_proxy_security.py, line 149
      @pytest.mark.security
      def test_proxy_rejects_malformed_requests(self, client, auth_headers):
E       fixture 'auth_headers' not found
&gt;       available fixtures: anyio_backend, anyio_backend_name, anyio_backend_options, app, cache, capfd, capfdbinary, caplog, capsys, capsysbinary, capteesys, client, cov, doctest_namespace, free_tcp_port, free_tcp_port_factory, free_udp_port, free_udp_port_factory, frontend_module, mock_proxy_module, mock_request, mock_urlopen, monkeypatch, no_cover, pytestconfig, record_property, record_testsuite_property, record_xml_attribute, recwarn, tmp_path, tmp_path_factory, tmpdir, tmpdir_factory
&gt;       use 'pytest --fixtures [testpath]' for help on them.

/mnt/c/Users/YvesT/PycharmProjects/WorldOfShadows/administration-tool/tests/test_proxy_security.py:149</error></testcase><testcase classname="tests.test_routes" name="test_html_routes_render_expected_templates[/-index.html]" time="0.063" /><testcase classname="tests.test_routes" name="test_html_routes_render_expected_templates[/news-news.html]" time="0.056" /><testcase classname="tests.test_routes" name="test_html_routes_render_expected_templates[/news/42-news_detail.html]" time="0.056" /><testcase classname="tests.test_routes" name="test_html_routes_render_expected_templates[/wiki-wiki_public.html]" time="0.052" /><testcase classname="tests.test_routes" name="test_html_routes_render_expected_templates[/wiki/lore/city-wiki_public.html]" time="0.045" /><testcase classname="tests.test_routes" name="test_html_routes_render_expected_templates[/forum-forum/index.html]" time="0.060" /><testcase classname="tests.test_routes" name="test_html_routes_render_expected_templates[/forum/categories/general-forum/category.html]" time="0.060" /><testcase classname="tests.test_routes" name="test_html_routes_render_expected_templates[/forum/threads/welcome-forum/thread.html]" time="0.061" /><testcase classname="tests.test_routes" name="test_html_routes_render_expected_templates[/forum/notifications-forum/notifications.html]" time="0.058" /><testcase classname="tests.test_routes" name="test_html_routes_render_expected_templates[/forum/saved-forum/saved_threads.html]" time="0.059" /><testcase classname="tests.test_routes" name="test_html_routes_render_expected_templates[/forum/tags/devlog-forum/tag_detail.html]" time="0.059" /><testcase classname="tests.test_routes" name="test_html_routes_render_expected_templates[/users/7/profile-user/profile.html]" time="0.061" /><testcase classname="tests.test_routes" name="test_html_routes_render_expected_templates[/manage-manage/dashboard.html]" time="0.066" /><testcase classname="tests.test_routes" name="test_html_routes_render_expected_templates[/manage/login-manage/login.html]" time="0.056" /><testcase classname="tests.test_routes" name="test_html_routes_render_expected_templates[/manage/news-manage/news.html]" time="0.056" /><testcase classname="tests.test_routes" name="test_html_routes_render_expected_templates[/manage/users-manage/users.html]" time="0.052" /><testcase classname="tests.test_routes" name="test_html_routes_render_expected_templates[/manage/roles-manage/roles.html]" time="0.053" /><testcase classname="tests.test_routes" name="test_html_routes_render_expected_templates[/manage/areas-manage/areas.html]" time="0.056" /><testcase classname="tests.test_routes" name="test_html_routes_render_expected_templates[/manage/feature-areas-manage/feature_areas.html]" time="0.056" /><testcase classname="tests.test_routes" name="test_html_routes_render_expected_templates[/manage/wiki-manage/wiki.html]" time="0.059" /><testcase classname="tests.test_routes" name="test_html_routes_render_expected_templates[/manage/slogans-manage/slogans.html]" time="0.062" /><testcase classname="tests.test_routes" name="test_html_routes_render_expected_templates[/manage/data-manage/data.html]" time="0.058" /><testcase classname="tests.test_routes" name="test_html_routes_render_expected_templates[/manage/forum-manage/forum.html]" time="0.064" /><testcase classname="tests.test_routes" name="test_html_routes_render_expected_templates[/manage/analytics-manage_analytics.html]" time="0.043"><failure message="jinja2.exceptions.TemplateNotFound: base_manage.html">tests/test_routes.py:40: in test_html_routes_render_expected_templates
    response = client.get(path)
/home/heldofthewelt/.local/lib/python3.10/site-packages/werkzeug/test.py:1162: in get
    return self.open(*args, **kw)
/home/heldofthewelt/.local/lib/python3.10/site-packages/flask/testing.py:235: in open
    response = super().open(
/home/heldofthewelt/.local/lib/python3.10/site-packages/werkzeug/test.py:1116: in open
    response_parts = self.run_wsgi_app(request.environ, buffered=buffered)
/home/heldofthewelt/.local/lib/python3.10/site-packages/werkzeug/test.py:988: in run_wsgi_app
    rv = run_wsgi_app(self.application, environ, buffered=buffered)
/home/heldofthewelt/.local/lib/python3.10/site-packages/werkzeug/test.py:1264: in run_wsgi_app
    app_rv = app(environ, start_response)
/home/heldofthewelt/.local/lib/python3.10/site-packages/flask/app.py:1536: in __call__
    return self.wsgi_app(environ, start_response)
/home/heldofthewelt/.local/lib/python3.10/site-packages/flask/app.py:1514: in wsgi_app
    response = self.handle_exception(e)
/home/heldofthewelt/.local/lib/python3.10/site-packages/flask/app.py:1511: in wsgi_app
    response = self.full_dispatch_request()
/home/heldofthewelt/.local/lib/python3.10/site-packages/flask/app.py:919: in full_dispatch_request
    rv = self.handle_user_exception(e)
/home/heldofthewelt/.local/lib/python3.10/site-packages/flask/app.py:917: in full_dispatch_request
    rv = self.dispatch_request()
/home/heldofthewelt/.local/lib/python3.10/site-packages/flask/app.py:902: in dispatch_request
    return self.ensure_sync(self.view_functions[rule.endpoint])(**view_args)  # type: ignore[no-any-return]
app.py:311: in manage_analytics
    return render_template("manage_analytics.html")
/home/heldofthewelt/.local/lib/python3.10/site-packages/flask/templating.py:151: in render_template
    return _render(app, template, context)
/home/heldofthewelt/.local/lib/python3.10/site-packages/flask/templating.py:132: in _render
    rv = template.render(context)
/home/heldofthewelt/.local/lib/python3.10/site-packages/jinja2/environment.py:1295: in render
    self.environment.handle_exception()
/home/heldofthewelt/.local/lib/python3.10/site-packages/jinja2/environment.py:942: in handle_exception
    raise rewrite_traceback_stack(source=source)
templates/manage_analytics.html:1: in top-level template code
    {% extends "base_manage.html" %}
/home/heldofthewelt/.local/lib/python3.10/site-packages/flask/templating.py:66: in get_source
    return self._get_source_fast(environment, template)
/home/heldofthewelt/.local/lib/python3.10/site-packages/flask/templating.py:100: in _get_source_fast
    raise TemplateNotFound(template)
E   jinja2.exceptions.TemplateNotFound: base_manage.html</failure></testcase><testcase classname="tests.test_routes" name="test_html_routes_render_expected_templates[/manage/moderator-dashboard-manage_moderator_dashboard.html]" time="0.065"><failure message="jinja2.exceptions.TemplateNotFound: base_manage.html">tests/test_routes.py:40: in test_html_routes_render_expected_templates
    response = client.get(path)
/home/heldofthewelt/.local/lib/python3.10/site-packages/werkzeug/test.py:1162: in get
    return self.open(*args, **kw)
/home/heldofthewelt/.local/lib/python3.10/site-packages/flask/testing.py:235: in open
    response = super().open(
/home/heldofthewelt/.local/lib/python3.10/site-packages/werkzeug/test.py:1116: in open
    response_parts = self.run_wsgi_app(request.environ, buffered=buffered)
/home/heldofthewelt/.local/lib/python3.10/site-packages/werkzeug/test.py:988: in run_wsgi_app
    rv = run_wsgi_app(self.application, environ, buffered=buffered)
/home/heldofthewelt/.local/lib/python3.10/site-packages/werkzeug/test.py:1264: in run_wsgi_app
    app_rv = app(environ, start_response)
/home/heldofthewelt/.local/lib/python3.10/site-packages/flask/app.py:1536: in __call__
    return self.wsgi_app(environ, start_response)
/home/heldofthewelt/.local/lib/python3.10/site-packages/flask/app.py:1514: in wsgi_app
    response = self.handle_exception(e)
/home/heldofthewelt/.local/lib/python3.10/site-packages/flask/app.py:1511: in wsgi_app
    response = self.full_dispatch_request()
/home/heldofthewelt/.local/lib/python3.10/site-packages/flask/app.py:919: in full_dispatch_request
    rv = self.handle_user_exception(e)
/home/heldofthewelt/.local/lib/python3.10/site-packages/flask/app.py:917: in full_dispatch_request
    rv = self.dispatch_request()
/home/heldofthewelt/.local/lib/python3.10/site-packages/flask/app.py:902: in dispatch_request
    return self.ensure_sync(self.view_functions[rule.endpoint])(**view_args)  # type: ignore[no-any-return]
app.py:317: in manage_moderator_dashboard
    return render_template("manage_moderator_dashboard.html")
/home/heldofthewelt/.local/lib/python3.10/site-packages/flask/templating.py:151: in render_template
    return _render(app, template, context)
/home/heldofthewelt/.local/lib/python3.10/site-packages/flask/templating.py:132: in _render
    rv = template.render(context)
/home/heldofthewelt/.local/lib/python3.10/site-packages/jinja2/environment.py:1295: in render
    self.environment.handle_exception()
/home/heldofthewelt/.local/lib/python3.10/site-packages/jinja2/environment.py:942: in handle_exception
    raise rewrite_traceback_stack(source=source)
templates/manage_moderator_dashboard.html:1: in top-level template code
    {% extends "base_manage.html" %}
/home/heldofthewelt/.local/lib/python3.10/site-packages/flask/templating.py:66: in get_source
    return self._get_source_fast(environment, template)
/home/heldofthewelt/.local/lib/python3.10/site-packages/flask/templating.py:100: in _get_source_fast
    raise TemplateNotFound(template)
E   jinja2.exceptions.TemplateNotFound: base_manage.html</failure></testcase><testcase classname="tests.test_routes" name="test_index_template_receives_frontend_context" time="0.048" /><testcase classname="tests.test_security" name="test_security_headers_are_added_to_html_responses" time="0.044" /><testcase classname="tests.test_security" name="test_csp_connect_src_includes_backend_origin" time="0.045" /><testcase classname="tests.test_security" name="test_explicit_secret_key_is_used" time="0.022" /><testcase classname="tests.test_security" name="test_secret_key_is_generated_when_missing" time="0.025" /></testsuite></testsuites>